<?xml version="1.0" encoding="UTF-8"?>
<!-- Generated by org.testng.reporters.JUnitReportReporter -->
<testsuite skipped="0" hostname="SRK" name="com.qa.pack3.SumValidation" tests="1" failures="0" timestamp="14 Nov 2020 05:18:10 GMT" time="1.368" errors="0">
  <testcase name="sumOfCourses" time="1.368" classname="com.qa.pack3.SumValidation"/>
</testsuite> <!-- com.qa.pack3.SumValidation -->
