<?xml version="1.0" encoding="UTF-8"?>
<!-- Generated by org.testng.reporters.JUnitReportReporter -->
<testsuite skipped="0" hostname="SRK" name="com.qa.pack3.SimpleArrayParse" tests="1" failures="0" timestamp="14 Nov 2020 05:44:05 GMT" time="1.063" errors="0">
  <testcase name="sampleArray" time="1.063" classname="com.qa.pack3.SimpleArrayParse"/>
</testsuite> <!-- com.qa.pack3.SimpleArrayParse -->
